<?xml version="1.0" encoding="UTF-8"?>
<!-- Generated by org.testng.reporters.JUnitXMLReporter -->
<testsuite ignored="0" hostname="User" failures="0" tests="3" name="Default test" time="0.049" errors="0" timestamp="2024-09-02T06:45:59 IST">
  <testcase classname="AdvanceSelenium.ToLearnTestNG" name="cricbuzz" time="0.011"/>
  <testcase classname="AdvanceSelenium.ToLearnTestNG" name="baskinRobbins" time="0.001"/>
  <testcase classname="AdvanceSelenium.ToLearnTestNG" name="amazon" time="0.002"/>
</testsuite> <!-- Default test -->
