<?xml version="1.0" encoding="UTF-8"?>
<testng-results ignored="0" total="1" passed="1" failed="0" skipped="0">
  <reporter-output>
  </reporter-output>
  <suite started-at="2024-11-24T14:07:43 IST" name="Surefire suite" finished-at="2024-11-24T14:08:12 IST" duration-ms="29500">
    <groups>
    </groups>
    <test started-at="2024-11-24T14:07:43 IST" name="Surefire test" finished-at="2024-11-24T14:08:12 IST" duration-ms="29500">
      <class name="Practise_Java_Concepts.AutomateIPLTest">
        <test-method signature="getPointsTable()[pri:0, instance:Practise_Java_Concepts.AutomateIPLTest@318ba8c8]" started-at="2024-11-24T14:07:43 IST" name="getPointsTable" finished-at="2024-11-24T14:08:12 IST" duration-ms="29469" status="PASS">
          <reporter-output>
          </reporter-output>
        </test-method> <!-- getPointsTable -->
      </class> <!-- Practise_Java_Concepts.AutomateIPLTest -->
    </test> <!-- Surefire test -->
  </suite> <!-- Surefire suite -->
</testng-results>
