<?xml version="1.0" encoding="UTF-8"?>
<testng-results ignored="0" total="3" passed="3" failed="0" skipped="0">
  <reporter-output>
    <line>
      <![CDATA[Cricbuzz got Executed]]>
    </line>
    <line>
      <![CDATA[BaskinRobbins got Executed]]>
    </line>
    <line>
      <![CDATA[Amazon got Executed]]>
    </line>
  </reporter-output>
  <suite started-at="2024-09-02T06:45:59 IST" name="Default suite" finished-at="2024-09-02T06:45:59 IST" duration-ms="49">
    <groups>
    </groups>
    <test started-at="2024-09-02T06:45:59 IST" name="Default test" finished-at="2024-09-02T06:45:59 IST" duration-ms="49">
      <class name="AdvanceSelenium.ToLearnTestNG">
        <test-method signature="cricbuzz()[pri:-1, instance:AdvanceSelenium.ToLearnTestNG@a9cd3b1]" started-at="2024-09-02T06:45:59 IST" name="cricbuzz" finished-at="2024-09-02T06:45:59 IST" duration-ms="11" status="PASS">
          <reporter-output>
            <line>
              <![CDATA[Cricbuzz got Executed]]>
            </line>
          </reporter-output>
        </test-method> <!-- cricbuzz -->
        <test-method signature="baskinRobbins()[pri:0, instance:AdvanceSelenium.ToLearnTestNG@a9cd3b1]" started-at="2024-09-02T06:45:59 IST" name="baskinRobbins" finished-at="2024-09-02T06:45:59 IST" duration-ms="1" status="PASS">
          <reporter-output>
            <line>
              <![CDATA[BaskinRobbins got Executed]]>
            </line>
          </reporter-output>
        </test-method> <!-- baskinRobbins -->
        <test-method signature="amazon()[pri:1, instance:AdvanceSelenium.ToLearnTestNG@a9cd3b1]" started-at="2024-09-02T06:45:59 IST" name="amazon" finished-at="2024-09-02T06:45:59 IST" duration-ms="2" status="PASS">
          <reporter-output>
            <line>
              <![CDATA[Amazon got Executed]]>
            </line>
          </reporter-output>
        </test-method> <!-- amazon -->
      </class> <!-- AdvanceSelenium.ToLearnTestNG -->
    </test> <!-- Default test -->
  </suite> <!-- Default suite -->
</testng-results>
